<?xml version="1.0" encoding="UTF-8"?>
<!-- Generated by org.testng.reporters.JUnitReportReporter -->
<testsuite skipped="0" hostname="DESKTOP-OU7DV3H" name="Tests.VerifyForm_7" tests="1" failures="0" timestamp="2021-10-25T14:22:46 BOT" time="68.650" errors="0">
  <testcase name="verifyCorrectForm" time="68.650" classname="Tests.VerifyForm_7"/>
  <system-out/>
</testsuite> <!-- Tests.VerifyForm_7 -->
